c:\ue4\muxengine-v0.1.0\src\x64\debug\vc143.pdb
c:\ue4\muxengine-v0.1.0\src\x64\debug\vc143.idb
c:\ue4\muxengine-v0.1.0\src\x64\debug\panel.obj
c:\ue4\muxengine-v0.1.0\src\x64\debug\maintabbar.obj
c:\ue4\muxengine-v0.1.0\src\x64\debug\dockmanager.obj
c:\ue4\muxengine-v0.1.0\src\x64\debug\dockgroup.obj
c:\ue4\muxengine-v0.1.0\src\x64\debug\splashscene.obj
c:\ue4\muxengine-v0.1.0\src\x64\debug\rtx_to_bitmap.obj
c:\ue4\muxengine-v0.1.0\src\x64\debug\rtxloader.obj
c:\ue4\muxengine-v0.1.0\src\x64\debug\me_main.obj
c:\ue4\muxengine-v0.1.0\src\x64\debug\gl.obj
c:\ue4\muxengine-v0.1.0\bin\debug\me\me1editor.exe
c:\ue4\muxengine-v0.1.0\bin\debug\me\me1editor.pdb
c:\ue4\muxengine-v0.1.0\src\x64\debug\me1.res
c:\ue4\muxengine-v0.1.0\src\x64\debug\me1editor.ilk
c:\ue4\muxengine-v0.1.0\src\x64\debug\me1.tlog\cl.command.1.tlog
c:\ue4\muxengine-v0.1.0\src\x64\debug\me1.tlog\cl.items.tlog
c:\ue4\muxengine-v0.1.0\src\x64\debug\me1.tlog\cl.read.1.tlog
c:\ue4\muxengine-v0.1.0\src\x64\debug\me1.tlog\cl.write.1.tlog
c:\ue4\muxengine-v0.1.0\src\x64\debug\me1.tlog\link.command.1.tlog
c:\ue4\muxengine-v0.1.0\src\x64\debug\me1.tlog\link.read.1.tlog
c:\ue4\muxengine-v0.1.0\src\x64\debug\me1.tlog\link.secondary.1.tlog
c:\ue4\muxengine-v0.1.0\src\x64\debug\me1.tlog\link.write.1.tlog
c:\ue4\muxengine-v0.1.0\src\x64\debug\me1.tlog\rc.command.1.tlog
c:\ue4\muxengine-v0.1.0\src\x64\debug\me1.tlog\rc.read.1.tlog
c:\ue4\muxengine-v0.1.0\src\x64\debug\me1.tlog\rc.write.1.tlog
